<?xml version="1.0" encoding="UTF-8"?>
<testng-results ignored="0" total="1" passed="1" failed="0" skipped="0">
  <reporter-output>
  </reporter-output>
  <suite started-at="2024-04-05T09:33:22 GST" name="Default suite" finished-at="2024-04-05T09:33:53 GST" duration-ms="30826">
    <groups>
    </groups>
    <test started-at="2024-04-05T09:33:22 GST" name="Default test" finished-at="2024-04-05T09:33:53 GST" duration-ms="30826">
      <class name="test.Infinite_test">
        <test-method is-config="true" signature="setup()[pri:0, instance:test.Infinite_test@368247b9]" started-at="2024-04-05T09:33:22 GST" name="setup" finished-at="2024-04-05T09:33:37 GST" duration-ms="14593" status="PASS">
          <reporter-output>
          </reporter-output>
        </test-method> <!-- setup -->
        <test-method is-config="true" signature="urlload()[pri:0, instance:test.Infinite_test@368247b9]" started-at="2024-04-05T09:33:37 GST" name="urlload" finished-at="2024-04-05T09:33:44 GST" duration-ms="6810" status="PASS">
          <reporter-output>
          </reporter-output>
        </test-method> <!-- urlload -->
        <test-method signature="test()[pri:0, instance:test.Infinite_test@368247b9]" started-at="2024-04-05T09:33:44 GST" name="test" finished-at="2024-04-05T09:33:53 GST" duration-ms="9288" status="PASS">
          <reporter-output>
          </reporter-output>
        </test-method> <!-- test -->
      </class> <!-- test.Infinite_test -->
    </test> <!-- Default test -->
  </suite> <!-- Default suite -->
</testng-results>
